
> code-oss-dev@1.99.3 watch
> npm-run-all -lp watch-client watch-extensions

[watch-client    ] 
[watch-client    ] > code-oss-dev@1.99.3 watch-client
[watch-client    ] > node --max-old-space-size=8192 ./node_modules/gulp/bin/gulp.js watch-client
[watch-client    ] 
[watch-extensions] 
[watch-extensions] > code-oss-dev@1.99.3 watch-extensions
[watch-extensions] > node --max-old-space-size=8192 ./node_modules/gulp/bin/gulp.js watch-extensions watch-extension-media
[watch-extensions] 
[watch-extensions] [19:35:12] Using gulpfile ~/code/slow_coding_app/void/gulpfile.js
[watch-client    ] [19:35:12] Using gulpfile ~/code/slow_coding_app/void/gulpfile.js
[watch-extensions] [19:35:12] Starting 'watch-extensions'...
[watch-client    ] [19:35:12] Starting 'watch-client'...
[watch-extensions] [19:35:12] Starting 'watch-extension-media'...
[watch-client    ] [19:35:12] Starting [36mclean-out[39m ...
[watch-extensions] [19:35:12] Starting [36mclean-extension-configuration-editing[39m ...
[watch-extensions] [19:35:12] Starting [36mclean-extension-css-language-features-client[39m ...
[watch-extensions] [19:35:12] Starting [36mclean-extension-css-language-features-server[39m ...
[watch-extensions] [19:35:12] Starting [36mclean-extension-debug-auto-launch[39m ...
[watch-extensions] [19:35:12] Starting [36mclean-extension-debug-server-ready[39m ...
[watch-extensions] [19:35:12] Starting [36mclean-extension-emmet[39m ...
[watch-extensions] [19:35:12] Starting [36mclean-extension-extension-editing[39m ...
[watch-extensions] [19:35:12] Starting [36mclean-extension-git[39m ...
[watch-extensions] [19:35:12] Starting [36mclean-extension-git-base[39m ...
[watch-extensions] [19:35:12] Starting [36mclean-extension-github[39m ...
[watch-extensions] [19:35:12] Starting [36mclean-extension-github-authentication[39m ...
[watch-extensions] [19:35:12] Starting [36mclean-extension-grunt[39m ...
[watch-extensions] [19:35:12] Starting [36mclean-extension-gulp[39m ...
[watch-extensions] [19:35:12] Starting [36mclean-extension-html-language-features-client[39m ...
[watch-extensions] [19:35:12] Starting [36mclean-extension-html-language-features-server[39m ...
[watch-extensions] [19:35:12] Starting [36mclean-extension-ipynb[39m ...
[watch-extensions] [19:35:12] Starting [36mclean-extension-jake[39m ...
[watch-extensions] [19:35:12] Starting [36mclean-extension-json-language-features-client[39m ...
[watch-extensions] [19:35:12] Starting [36mclean-extension-json-language-features-server[39m ...
[watch-extensions] [19:35:12] Starting [36mclean-extension-markdown-language-features-preview-src[39m ...
[watch-extensions] [19:35:12] Starting [36mclean-extension-markdown-language-features[39m ...
[watch-extensions] [19:35:12] Starting [36mclean-extension-markdown-math[39m ...
[watch-extensions] [19:35:12] Starting [36mclean-extension-media-preview[39m ...
[watch-extensions] [19:35:12] Starting [36mclean-extension-merge-conflict[39m ...
[watch-extensions] [19:35:12] Starting [36mclean-extension-terminal-suggest[39m ...
[watch-extensions] [19:35:12] Starting [36mclean-extension-microsoft-authentication[39m ...
[watch-extensions] [19:35:12] Starting [36mclean-extension-notebook-renderers[39m ...
[watch-extensions] [19:35:12] Starting [36mclean-extension-npm[39m ...
[watch-extensions] [19:35:12] Starting [36mclean-extension-php-language-features[39m ...
[watch-extensions] [19:35:12] Starting [36mclean-extension-references-view[39m ...
[watch-extensions] [19:35:12] Starting [36mclean-extension-search-result[39m ...
[watch-extensions] [19:35:12] Starting [36mclean-extension-simple-browser[39m ...
[watch-extensions] [19:35:12] Starting [36mclean-extension-tunnel-forwarding[39m ...
[watch-extensions] [19:35:12] Starting [36mclean-extension-typescript-language-features-test-workspace[39m ...
[watch-extensions] [19:35:12] Starting [36mclean-extension-typescript-language-features-web[39m ...
[watch-extensions] [19:35:12] Starting [36mclean-extension-typescript-language-features[39m ...
[watch-extensions] [19:35:12] Starting [36mclean-extension-vscode-api-tests[39m ...
[watch-extensions] [19:35:12] Starting [36mclean-extension-vscode-colorize-tests[39m ...
[watch-extensions] [19:35:12] Starting [36mclean-extension-vscode-colorize-perf-tests[39m ...
[watch-extensions] [19:35:12] Starting [36mclean-extension-vscode-test-resolver[39m ...
[watch-extensions] [19:35:12] Starting [36mclean-extension-vscode-selfhost-test-provider[39m ...
[watch-extensions] [19:35:12] Starting [36mclean-extension-vscode-selfhost-import-aid[39m ...
[watch-extensions] [19:35:12] Finished [36mclean-extension-typescript-language-features-test-workspace[39m after [35m12 ms[39m
[watch-extensions] [19:35:12] Starting [36mwatch-extension:typescript-language-features-test-workspace[39m ...
[watch-extensions] [19:35:12] Starting [32mcompilation[39m[34m extensions[39m...
[watch-client    ] [19:35:13] Finished [36mclean-out[39m after [35m530 ms[39m
[watch-client    ] [19:35:13] Starting [36mwatch-out[39m ...
[watch-extensions] [19:35:13] Finished [32mcompilation[39m[34m extensions[39m with 0 errors after [35m797 ms[39m
[watch-extensions] [19:35:13] Finished [36mclean-extension-debug-auto-launch[39m after [35m891 ms[39m
[watch-extensions] [19:35:13] Starting [36mwatch-extension:debug-auto-launch[39m ...
[watch-extensions] [19:35:13] Starting [32mcompilation[39m[34m extensions[39m...
[watch-extensions] [19:35:13] Finished [36mclean-extension-debug-server-ready[39m after [35m903 ms[39m
[watch-extensions] [19:35:13] Starting [36mwatch-extension:debug-server-ready[39m ...
[watch-extensions] [19:35:13] Finished [36mclean-extension-extension-editing[39m after [35m914 ms[39m
[watch-extensions] [19:35:13] Starting [36mwatch-extension:extension-editing[39m ...
[watch-extensions] [19:35:13] Finished [36mclean-extension-grunt[39m after [35m928 ms[39m
[watch-extensions] [19:35:13] Starting [36mwatch-extension:grunt[39m ...
[watch-extensions] [19:35:13] Finished [36mclean-extension-gulp[39m after [35m946 ms[39m
[watch-extensions] [19:35:13] Starting [36mwatch-extension:gulp[39m ...
[watch-extensions] [19:35:13] Finished [36mclean-extension-markdown-math[39m after [35m954 ms[39m
[watch-extensions] [19:35:13] Starting [36mwatch-extension:markdown-math[39m ...
[watch-extensions] [19:35:13] Finished [36mclean-extension-jake[39m after [35m967 ms[39m
[watch-extensions] [19:35:13] Starting [36mwatch-extension:jake[39m ...
[watch-extensions] [19:35:13] Finished [36mclean-extension-merge-conflict[39m after [35m977 ms[39m
[watch-extensions] [19:35:13] Starting [36mwatch-extension:merge-conflict[39m ...
[watch-extensions] [19:35:13] Finished [36mclean-extension-tunnel-forwarding[39m after [35m988 ms[39m
[watch-extensions] [19:35:13] Starting [36mwatch-extension:tunnel-forwarding[39m ...
[watch-extensions] [19:35:13] Finished [36mclean-extension-simple-browser[39m after [35m999 ms[39m
[watch-extensions] [19:35:13] Starting [36mwatch-extension:simple-browser[39m ...
[watch-extensions] [19:35:13] Finished [36mclean-extension-vscode-colorize-tests[39m after [35m1008 ms[39m
[watch-extensions] [19:35:13] Starting [36mwatch-extension:vscode-colorize-tests[39m ...
[watch-extensions] [19:35:13] Finished [36mclean-extension-vscode-selfhost-import-aid[39m after [35m1016 ms[39m
[watch-extensions] [19:35:13] Starting [36mwatch-extension:vscode-selfhost-import-aid[39m ...
[watch-extensions] [19:35:13] Finished [36mclean-extension-vscode-colorize-perf-tests[39m after [35m1028 ms[39m
[watch-extensions] [19:35:13] Starting [36mwatch-extension:vscode-colorize-perf-tests[39m ...
[watch-extensions] [19:35:13] Finished [36mclean-extension-vscode-selfhost-test-provider[39m after [35m1041 ms[39m
[watch-extensions] [19:35:13] Starting [36mwatch-extension:vscode-selfhost-test-provider[39m ...
[watch-extensions] [19:35:13] Finished [36mclean-extension-css-language-features-client[39m after [35m1102 ms[39m
[watch-extensions] [19:35:13] Starting [36mwatch-extension:css-language-features-client[39m ...
[watch-extensions] [19:35:13] Finished [36mclean-extension-css-language-features-server[39m after [35m1111 ms[39m
[watch-extensions] [19:35:13] Starting [36mwatch-extension:css-language-features-server[39m ...
[watch-extensions] [19:35:13] Finished [36mclean-extension-git[39m after [35m1115 ms[39m
[watch-extensions] [19:35:13] Starting [36mwatch-extension:git[39m ...
[watch-extensions] [19:35:13] Finished [36mclean-extension-github[39m after [35m1147 ms[39m
[watch-extensions] [19:35:13] Starting [36mwatch-extension:github[39m ...
[watch-extensions] [19:35:13] Finished [36mclean-extension-json-language-features-client[39m after [35m1161 ms[39m
[watch-extensions] [19:35:13] Starting [36mwatch-extension:json-language-features-client[39m ...
[watch-extensions] [19:35:13] Finished [36mclean-extension-markdown-language-features-preview-src[39m after [35m1171 ms[39m
[watch-extensions] [19:35:13] Starting [36mwatch-extension:markdown-language-features-preview-src[39m ...
[watch-extensions] [19:35:13] Finished [36mclean-extension-json-language-features-server[39m after [35m1176 ms[39m
[watch-extensions] [19:35:13] Starting [36mwatch-extension:json-language-features-server[39m ...
[watch-extensions] [19:35:13] Finished [36mclean-extension-html-language-features-client[39m after [35m1181 ms[39m
[watch-extensions] [19:35:13] Starting [36mwatch-extension:html-language-features-client[39m ...
[watch-extensions] [19:35:13] Finished [36mclean-extension-emmet[39m after [35m1197 ms[39m
[watch-extensions] [19:35:13] Starting [36mwatch-extension:emmet[39m ...
[watch-extensions] [19:35:13] Finished [36mclean-extension-search-result[39m after [35m1214 ms[39m
[watch-extensions] [19:35:13] Starting [36mwatch-extension:search-result[39m ...
[watch-extensions] [19:35:13] Finished [36mclean-extension-media-preview[39m after [35m1221 ms[39m
[watch-extensions] [19:35:13] Starting [36mwatch-extension:media-preview[39m ...
[watch-extensions] [19:35:13] Finished [36mclean-extension-references-view[39m after [35m1229 ms[39m
[watch-extensions] [19:35:13] Starting [36mwatch-extension:references-view[39m ...
[watch-extensions] [19:35:13] Finished [36mclean-extension-notebook-renderers[39m after [35m1240 ms[39m
[watch-extensions] [19:35:13] Starting [36mwatch-extension:notebook-renderers[39m ...
[watch-extensions] [19:35:13] Finished [36mclean-extension-npm[39m after [35m1247 ms[39m
[watch-extensions] [19:35:13] Starting [36mwatch-extension:npm[39m ...
[watch-extensions] [19:35:13] Finished [36mclean-extension-ipynb[39m after [35m1260 ms[39m
[watch-extensions] [19:35:13] Starting [36mwatch-extension:ipynb[39m ...
[watch-extensions] [19:35:13] Finished [36mclean-extension-git-base[39m after [35m1273 ms[39m
[watch-extensions] [19:35:13] Starting [36mwatch-extension:git-base[39m ...
[watch-extensions] [19:35:13] Finished [36mclean-extension-typescript-language-features-web[39m after [35m1278 ms[39m
[watch-extensions] [19:35:13] Starting [36mwatch-extension:typescript-language-features-web[39m ...
[watch-extensions] [19:35:13] Finished [36mclean-extension-vscode-test-resolver[39m after [35m1283 ms[39m
[watch-extensions] [19:35:13] Starting [36mwatch-extension:vscode-test-resolver[39m ...
[watch-extensions] [19:35:13] Finished [36mclean-extension-configuration-editing[39m after [35m1295 ms[39m
[watch-extensions] [19:35:13] Starting [36mwatch-extension:configuration-editing[39m ...
[watch-client    ] [19:35:13] Starting [32mcompilation[39m...
[watch-client    ] [19:35:13] Starting [36mwatch-api-proposal-names[39m ...
[watch-client    ] [19:35:13] Starting [32mcompilation[39m[34m api-proposal-names[39m...
[watch-extensions] [19:35:13] Finished [36mclean-extension-vscode-api-tests[39m after [35m1300 ms[39m
[watch-extensions] [19:35:13] Starting [36mwatch-extension:vscode-api-tests[39m ...
[watch-client    ] [19:35:14] Finished [32mcompilation[39m[34m api-proposal-names[39m with 0 errors after [35m376 ms[39m
[watch-client    ] (node:69513) [DEP0180] DeprecationWarning: fs.Stats constructor is deprecated.
[watch-client    ] (Use `node --trace-deprecation ...` to show where the warning was created)
[watch-extensions] (node:69534) [DEP0180] DeprecationWarning: fs.Stats constructor is deprecated.
[watch-extensions] (Use `node --trace-deprecation ...` to show where the warning was created)
[watch-extensions] [19:35:16] Finished [36mclean-extension-github-authentication[39m after [35m4365 ms[39m
[watch-extensions] [19:35:16] Starting [36mwatch-extension:github-authentication[39m ...
[watch-extensions] [19:35:16] Finished [36mclean-extension-markdown-language-features[39m after [35m4376 ms[39m
[watch-extensions] [19:35:16] Starting [36mwatch-extension:markdown-language-features[39m ...
[watch-extensions] [19:35:16] Finished [36mclean-extension-php-language-features[39m after [35m4398 ms[39m
[watch-extensions] [19:35:16] Starting [36mwatch-extension:php-language-features[39m ...
[watch-extensions] [19:35:16] Finished [36mclean-extension-microsoft-authentication[39m after [35m4407 ms[39m
[watch-extensions] [19:35:16] Starting [36mwatch-extension:microsoft-authentication[39m ...
[watch-extensions] [19:35:16] Finished [36mclean-extension-typescript-language-features[39m after [35m4428 ms[39m
[watch-extensions] [19:35:16] Starting [36mwatch-extension:typescript-language-features[39m ...
[watch-extensions] [19:35:17] Finished [36mclean-extension-terminal-suggest[39m after [35m4510 ms[39m
[watch-extensions] [19:35:17] Starting [36mwatch-extension:terminal-suggest[39m ...
[watch-extensions] [19:35:18] Finished [36mclean-extension-html-language-features-server[39m after [35m5559 ms[39m
[watch-extensions] [19:35:18] Starting [36mwatch-extension:html-language-features-server[39m ...
[watch-extensions] [19:35:43] Finished [32mcompilation[39m[34m extensions[39m with 0 errors after [35m30397 ms[39m
[watch-client    ] [19:36:39] Finished [32mcompilation[39m with 0 errors after [35m85316 ms[39m
[watch-client    ] [19:36:39] Starting [32mcompilation[39m...
[watch-client    ] [19:36:44] Finished [32mcompilation[39m with 0 errors after [35m4571 ms[39m
[watch-client    ] [19:40:17] Starting [32mcompilation[39m...
[watch-client    ] [19:40:17] Finished [32mcompilation[39m with 0 errors after [35m72 ms[39m
[watch-client    ] [19:40:18] Starting [32mcompilation[39m...
[watch-client    ] [19:40:18] Finished [32mcompilation[39m with 0 errors after [35m109 ms[39m
[watch-client    ] [19:40:21] Starting [32mcompilation[39m...
[watch-client    ] [19:40:21] Finished [32mcompilation[39m with 0 errors after [35m16 ms[39m
[watch-client    ] [19:40:26] Starting [32mcompilation[39m...
[watch-client    ] [19:40:27] Finished [32mcompilation[39m with 0 errors after [35m329 ms[39m
